yarn install v1.22.22
[1/4] Resolving packages...
success Already up-to-date.
Done in 0.39s.
Environment variables loaded from .env
Prisma schema loaded from prisma/schema.prisma

✔ Generated Prisma Client (v6.7.0) to ./../node_modules/.prisma/client in 141ms

Start by importing your Prisma Client (See: https://pris.ly/d/importing-client)

Tip: Curious about the SQL queries Prisma ORM generates? Optimize helps you enhance your visibility: https://pris.ly/tip-2-optimize

yarn run v1.22.22
$ next dev
  ▲ Next.js 14.2.28
  - Local:        http://localhost:3000
  - Environments: .env
  - Experiments (use with caution):
    · outputFileTracingRoot

 ✓ Starting...
 ✓ Ready in 1820ms
 ○ Compiling / ...
 ✓ Compiled / in 3.7s (1246 modules)
 GET / 200 in 4370ms
 ✓ Compiled in 594ms (631 modules)
 GET / 200 in 63ms
 GET / 200 in 57ms
 GET / 200 in 47ms
 ✓ Compiled in 457ms (631 modules)
 ✓ Compiled in 334ms (631 modules)
 ✓ Compiled in 285ms (631 modules)
 ✓ Compiled in 320ms (631 modules)
 ✓ Compiled in 280ms (631 modules)
 ✓ Compiled in 334ms (631 modules)
[?25h
