yarn run v1.22.22
$ next dev
  ▲ Next.js 14.2.28
  - Local:        http://localhost:3000
  - Environments: .env
  - Experiments (use with caution):
    · outputFileTracingRoot

 ✓ Starting...
 ✓ Ready in 1721ms
 ○ Compiling / ...
 ✓ Compiled / in 2.8s (1250 modules)
 HEAD / 200 in 2968ms
 ✓ Compiled in 588ms (633 modules)
 GET / 200 in 320ms
 HEAD / 200 in 50ms
 HEAD / 200 in 85ms
 ○ Compiling /invest ...
 ✓ Compiled /invest in 845ms (1400 modules)
 HEAD /invest 200 in 1022ms
 HEAD /invest 200 in 1064ms
 ✓ Compiled /rent in 298ms (1412 modules)
 HEAD /rent 200 in 404ms
 HEAD /rent 200 in 411ms
 ✓ Compiled /listings in 279ms (1426 modules)
 HEAD /listings 200 in 375ms
 HEAD /listings 200 in 380ms
 ○ Compiling /login ...
 ✓ Compiled /login in 997ms (1476 modules)
 HEAD /login 200 in 1124ms
 HEAD /about 200 in 1126ms
 ○ Compiling /how-it-works ...
 ✓ Compiled /how-it-works in 648ms (1498 modules)
 HEAD /how-it-works 200 in 751ms
 HEAD /signup 200 in 754ms
 ○ Compiling /listings/[id] ...
 ✓ Compiled /listings/[id] in 938ms (1524 modules)
 HEAD /careers 200 in 1067ms
 HEAD /listings/1 200 in 1297ms
 ○ Compiling /contact ...
 ✓ Compiled /contact in 574ms (1536 modules)
 HEAD /contact 200 in 695ms
 HEAD /invest?property=1 200 in 466ms
 ○ Compiling /privacy ...
 ✓ Compiled /privacy in 568ms (1546 modules)
 HEAD /listings/2 200 in 673ms
 HEAD /privacy 200 in 714ms
 HEAD /invest?property=2 200 in 74ms
 ○ Compiling /terms ...
 ✓ Compiled /terms in 625ms (1558 modules)
 HEAD /terms 200 in 770ms
 HEAD /listings/3 200 in 745ms
 ○ Compiling /cookies ...
 ✓ Compiled /cookies in 646ms (1570 modules)
 HEAD /invest?property=3 200 in 720ms
 HEAD /cookies 200 in 760ms
 GET / 200 in 531ms
 GET /login 200 in 549ms
 GET /listings 200 in 547ms
 GET /invest 200 in 546ms
 GET /invest?property=1 200 in 545ms
 GET /invest?property=2 200 in 542ms
 GET /rent 200 in 548ms
 GET /invest?property=3 200 in 538ms
 GET /signup 200 in 547ms
 GET /listings/2 200 in 540ms
 GET /listings/1 200 in 548ms
 GET /listings/3 200 in 538ms
 GET /about 200 in 541ms
 GET /how-it-works 200 in 541ms
 GET /privacy 200 in 537ms
 GET /careers 200 in 538ms
 GET /contact 200 in 540ms
 GET /cookies 200 in 537ms
 GET /terms 200 in 538ms
 GET / 200 in 67ms
 GET / 200 in 86ms
 GET / 200 in 48ms
 GET / 200 in 49ms
 GET / 200 in 48ms
 GET / 200 in 44ms
 ✓ Compiled in 1723ms (1452 modules)
 ✓ Compiled in 478ms (1452 modules)
[?25h
