yarn run v1.22.22
$ next build
Attention: Next.js now collects completely anonymous telemetry regarding usage.
This information is used to shape Next.js' roadmap and prioritize features.
You can learn more, including how to opt-out if you'd not like to participate in this anonymous program, by visiting the following URL:
https://nextjs.org/telemetry

  ▲ Next.js 14.2.28
  - Environments: .env
  - Experiments (use with caution):
    · outputFileTracingRoot

   Creating an optimized production build ...
 ✓ Compiled successfully
   Skipping linting
   Checking validity of types ...

   We detected TypeScript in your project and reconfigured your tsconfig.json file for you. Strict-mode is set to false by default.
   The following suggested values were added to your tsconfig.json. These values can be changed to fit your project's needs:

   	- include was updated to add '.build/types/**/*.ts'

   Collecting page data ...
   Generating static pages (0/9) ...
   Generating static pages (2/9) 
   Generating static pages (4/9) 
   Generating static pages (6/9) 
 ✓ Generating static pages (9/9)
   Finalizing page optimization ...
   Collecting build traces ...

Route (app)                              Size     First Load JS
┌ ○ /                                    4.65 kB         155 kB
├ ○ /_not-found                          871 B            88 kB
├ ○ /invest                              2.83 kB         179 kB
├ ○ /listings                            2.08 kB         179 kB
├ ƒ /listings/[id]                       5.33 kB         152 kB
├ ○ /login                               2.83 kB         144 kB
├ ○ /rent                                3.01 kB         180 kB
└ ○ /signup                              3.5 kB          145 kB
+ First Load JS shared by all            87.1 kB
  ├ chunks/275-1027dd0aea788aa9.js       31.6 kB
  ├ chunks/a0b5f63a-35670a429f1c05ce.js  53.6 kB
  └ other shared chunks (total)          1.9 kB


○  (Static)   prerendered as static content
ƒ  (Dynamic)  server-rendered on demand

Done in 20.27s.
