yarn run v1.22.22
$ next build
Attention: Next.js now collects completely anonymous telemetry regarding usage.
This information is used to shape Next.js' roadmap and prioritize features.
You can learn more, including how to opt-out if you'd not like to participate in this anonymous program, by visiting the following URL:
https://nextjs.org/telemetry

  ▲ Next.js 14.2.28
  - Experiments (use with caution):
    · outputFileTracingRoot

   Creating an optimized production build ...
 ✓ Compiled successfully
   Skipping linting
   Checking validity of types ...
   Collecting page data ...
   Generating static pages (0/18) ...
   Generating static pages (4/18) 
   Generating static pages (8/18) 
   Generating static pages (13/18) 
 ✓ Generating static pages (18/18)
   Finalizing page optimization ...
   Collecting build traces ...

Route (app)                              Size     First Load JS
┌ ○ /                                    4.96 kB         158 kB
├ ○ /_not-found                          873 B            88 kB
├ ○ /about                               4.02 kB         153 kB
├ ƒ /api/auth/login                      0 B                0 B
├ ƒ /api/investments                     0 B                0 B
├ ƒ /api/properties                      0 B                0 B
├ ƒ /api/properties/[id]                 0 B                0 B
├ ƒ /api/users                           0 B                0 B
├ ○ /careers                             7.72 kB         152 kB
├ ○ /contact                             3.15 kB         147 kB
├ ○ /cookies                             3.31 kB         147 kB
├ ○ /dashboard                           5.27 kB         149 kB
├ ○ /forgot-password                     2.54 kB         146 kB
├ ○ /how-it-works                        4.42 kB         148 kB
├ ○ /invest                              3.27 kB         183 kB
├ ○ /listings                            2.48 kB         182 kB
├ ƒ /listings/[id]                       5.6 kB          155 kB
├ ○ /login                               11.2 kB         163 kB
├ ○ /privacy                             2.99 kB         147 kB
├ ○ /rent                                3.39 kB         183 kB
├ ○ /signup                              3.5 kB          147 kB
└ ○ /terms                               3.32 kB         147 kB
+ First Load JS shared by all            87.1 kB
  ├ chunks/364-bed91d5074fddfb0.js       31.6 kB
  ├ chunks/618f8807-f0b02fe8dc831021.js  53.6 kB
  └ other shared chunks (total)          1.9 kB


○  (Static)   prerendered as static content
ƒ  (Dynamic)  server-rendered on demand

Done in 34.76s.
