yarn run v1.22.22
$ next dev
  ▲ Next.js 14.2.28
  - Local:        http://localhost:3000
  - Environments: .env
  - Experiments (use with caution):
    · outputFileTracingRoot

 ✓ Starting...
 ✓ Ready in 1720ms
 ○ Compiling / ...
 ✓ Compiled / in 2.8s (1250 modules)
 HEAD / 200 in 3049ms
 ✓ Compiled in 651ms (633 modules)
 GET / 200 in 362ms
 HEAD / 200 in 60ms
 HEAD / 200 in 94ms
 ○ Compiling /invest ...
 ✓ Compiled /invest in 701ms (1400 modules)
 HEAD /invest 200 in 887ms
 HEAD /invest 200 in 928ms
 ✓ Compiled /rent in 335ms (1412 modules)
 HEAD /rent 200 in 450ms
 HEAD /rent 200 in 455ms
 ✓ Compiled /listings in 320ms (1426 modules)
 HEAD /listings 200 in 418ms
 HEAD /listings 200 in 422ms
 ○ Compiling /login ...
 ✓ Compiled /login in 858ms (1476 modules)
 HEAD /about 200 in 983ms
 HEAD /login 200 in 986ms
 ○ Compiling /signup ...
 ✓ Compiled /signup in 686ms (1498 modules)
 HEAD /how-it-works 200 in 790ms
 HEAD /signup 200 in 792ms
 ○ Compiling /listings/[id] ...
 ✓ Compiled /listings/[id] in 993ms (1532 modules)
 HEAD /careers 200 in 1134ms
 HEAD /listings/1 200 in 1375ms
 ○ Compiling /contact ...
 ✓ Compiled /contact in 608ms (1544 modules)
 HEAD /invest?property=1 200 in 475ms
 HEAD /contact 200 in 739ms
 ○ Compiling /privacy ...
 ✓ Compiled /privacy in 610ms (1554 modules)
 HEAD /listings/2 200 in 718ms
 HEAD /privacy 200 in 754ms
 HEAD /invest?property=2 200 in 80ms
 ○ Compiling /terms ...
 ✓ Compiled /terms in 663ms (1566 modules)
 HEAD /listings/3 200 in 743ms
 HEAD /terms 200 in 816ms
 ○ Compiling /cookies ...
 ✓ Compiled /cookies in 692ms (1576 modules)
 HEAD /invest?property=3 200 in 783ms
 HEAD /cookies 200 in 822ms
 GET /listings 200 in 581ms
 GET / 200 in 579ms
 GET /invest 200 in 587ms
 GET /invest?property=2 200 in 577ms
 GET /login 200 in 589ms
 GET /invest?property=1 200 in 584ms
 GET /rent 200 in 590ms
 GET /signup 200 in 589ms
 GET /listings/1 200 in 585ms
 GET /listings/3 200 in 579ms
 GET /listings/2 200 in 585ms
 GET /how-it-works 200 in 584ms
 GET /invest?property=3 200 in 582ms
 GET /about 200 in 582ms
 GET /careers 200 in 580ms
 GET /contact 200 in 580ms
 GET /privacy 200 in 579ms
 GET /cookies 200 in 578ms
 GET /terms 200 in 579ms
 GET / 200 in 54ms
 GET / 200 in 47ms
 GET / 200 in 44ms
 ✓ Compiled in 1438ms (1407 modules)
 ✓ Compiled in 690ms (1407 modules)
 ✓ Compiled in 464ms (1407 modules)
 ✓ Compiled in 1104ms (1404 modules)
 ✓ Compiled in 631ms (788 modules)
 ✓ Compiled in 915ms (788 modules)
 ✓ Compiled in 758ms (1404 modules)
 ✓ Compiled in 579ms (1404 modules)
[?25h
