yarn run v1.22.22
$ next dev
  ▲ Next.js 14.2.28
  - Local:        http://localhost:3000
  - Environments: .env
  - Experiments (use with caution):
    · outputFileTracingRoot

 ✓ Starting...
 ✓ Ready in 1815ms
 ○ Compiling / ...
 ✓ Compiled / in 3.3s (1248 modules)
 HEAD / 200 in 3556ms
 GET / 200 in 876ms
 ✓ Compiled in 632ms (632 modules)
 HEAD / 200 in 76ms
 HEAD / 200 in 79ms
 ○ Compiling /invest ...
 ✓ Compiled /invest in 1058ms (1398 modules)
 HEAD / 200 in 1214ms
 HEAD /invest 200 in 1283ms
 HEAD /invest 200 in 100ms
 ✓ Compiled /rent in 297ms (1410 modules)
 HEAD /rent 200 in 390ms
 HEAD /rent 200 in 430ms
 ✓ Compiled /listings in 294ms (1424 modules)
 HEAD /listings 200 in 387ms
 HEAD /listings 200 in 390ms
 ○ Compiling /about ...
 ✓ Compiled /about in 939ms (1472 modules)
 HEAD /about 200 in 1046ms
 HEAD /login 200 in 1065ms
 ○ Compiling /signup ...
 ✓ Compiled /signup in 656ms (1494 modules)
 HEAD /signup 200 in 760ms
 HEAD /how-it-works 200 in 766ms
 ○ Compiling /careers ...
 ✓ Compiled /careers in 628ms (1516 modules)
 HEAD /how-it-works 200 in 724ms
 HEAD /careers 200 in 772ms
 ○ Compiling /contact ...
 ✓ Compiled /contact in 761ms (1540 modules)
 HEAD /contact 200 in 879ms
 HEAD /listings/1 200 in 1184ms
 ○ Compiling /privacy ...
 ✓ Compiled /privacy in 639ms (1550 modules)
 HEAD /invest?property=1 200 in 483ms
 HEAD /privacy 200 in 768ms
 ○ Compiling /terms ...
 ✓ Compiled /terms in 622ms (1562 modules)
 HEAD /listings/2 200 in 766ms
 HEAD /terms 200 in 778ms
 HEAD /invest?property=2 200 in 59ms
 ○ Compiling /cookies ...
 ✓ Compiled /cookies in 711ms (1572 modules)
 HEAD /cookies 200 in 849ms
 HEAD /listings/3 200 in 790ms
 HEAD /invest?property=3 200 in 45ms
 GET / 200 in 539ms
 GET /invest 200 in 552ms
 GET /invest?property=1 200 in 546ms
 GET /invest?property=2 200 in 547ms
 GET /listings 200 in 553ms
 GET /login 200 in 554ms
 GET /rent 200 in 557ms
 GET /signup 200 in 554ms
 GET /how-it-works 200 in 552ms
 GET /listings/2 200 in 548ms
 GET /listings/3 200 in 538ms
 GET /listings/1 200 in 542ms
 GET /invest?property=3 200 in 549ms
 GET /careers 200 in 544ms
 GET /about 200 in 542ms
 GET /terms 200 in 540ms
 GET /contact 200 in 542ms
 GET /privacy 200 in 540ms
 GET /cookies 200 in 540ms
 GET / 200 in 62ms
 GET / 200 in 87ms
 GET / 200 in 45ms
 ✓ Compiled in 1439ms (1404 modules)
[?25h
