Failed to compile.

./components/filter-bar.tsx
Error: 
  [31mx[0m Unexpected token `motion`. Expected jsx identifier
    ,-[[36;1;4m/home/ubuntu/provena/app/components/filter-bar.tsx[0m:76:1]
 [2m76[0m |   const hasActiveFilters = Object.values(filters).some(value => value !== '')
 [2m77[0m | 
 [2m78[0m |   return (
 [2m79[0m |     <motion.div
    : [31;1m     ^^^^^^[0m
 [2m80[0m |       initial={{ opacity: 0, y: -20 }}
 [2m81[0m |       animate={{ opacity: 1, y: 0 }}
 [2m82[0m |       className="bg-card/50 backdrop-blur-sm border border-border/50 rounded-lg shadow-lg p-4 mb-8"
    `----

Caused by:
    Syntax Error

Import trace for requested module:
./components/filter-bar.tsx
./app/listings/page.tsx


> Build failed because of webpack errors
error Command failed with exit code 1.
