yarn run v1.22.22
$ next dev
  ▲ Next.js 14.2.28
  - Local:        http://localhost:3000
  - Environments: .env
  - Experiments (use with caution):
    · outputFileTracingRoot

 ✓ Starting...
 ✓ Ready in 1694ms
 ○ Compiling / ...
 ✓ Compiled / in 4.4s (1255 modules)
 HEAD / 200 in 4663ms
 GET / 200 in 1937ms
 ✓ Compiled in 622ms (631 modules)
 HEAD / 200 in 85ms
 HEAD / 200 in 85ms
 HEAD / 200 in 54ms
 ○ Compiling /invest ...
 ✓ Compiled /invest in 3.3s (1396 modules)
 HEAD /invest 200 in 3411ms
 HEAD /invest 200 in 3472ms
 ✓ Compiled /rent in 360ms (1408 modules)
 HEAD /rent 200 in 465ms
 HEAD /rent 200 in 469ms
 ✓ Compiled /listings in 334ms (1422 modules)
 HEAD /listings 200 in 422ms
 HEAD /listings 200 in 430ms
 ○ Compiling /login ...
 ✓ Compiled /login in 1205ms (1446 modules)
 HEAD /login 200 in 1297ms
 HEAD /about 200 in 1317ms
 ○ Compiling /how-it-works ...
 ✓ Compiled /how-it-works in 753ms (1468 modules)
 HEAD /how-it-works 200 in 841ms
 HEAD /signup 200 in 864ms
 ○ Compiling /listings/[id] ...
 ✓ Compiled /listings/[id] in 823ms (1494 modules)
 HEAD /contact 200 in 955ms
 HEAD /listings/1 200 in 1201ms
 ○ Compiling /privacy ...
 ✓ Compiled /privacy in 608ms (1504 modules)
 HEAD /invest?property=1 200 in 446ms
 HEAD /privacy 200 in 717ms
 ○ Compiling /terms ...
 ✓ Compiled /terms in 631ms (1516 modules)
 HEAD /listings/2 200 in 735ms
 HEAD /terms 200 in 774ms
 HEAD /invest?property=2 200 in 73ms
 ○ Compiling /cookies ...
 ✓ Compiled /cookies in 687ms (1528 modules)
 HEAD /listings/3 200 in 790ms
 HEAD /cookies 200 in 846ms
 HEAD /invest?property=3 200 in 43ms
 GET / 200 in 560ms
 GET /invest?property=1 200 in 559ms
 GET /invest 200 in 564ms
 GET /invest?property=2 200 in 555ms
 GET /invest?property=3 200 in 555ms
 GET /rent 200 in 565ms
 GET /listings 200 in 565ms
 GET /signup 200 in 564ms
 GET /login 200 in 564ms
 GET /how-it-works 200 in 557ms
 GET /about 200 in 556ms
 GET /listings/1 200 in 558ms
 GET /listings/2 200 in 553ms
 GET /listings/3 200 in 554ms
 GET /contact 200 in 554ms
 GET /cookies 200 in 553ms
 GET /privacy 200 in 556ms
 GET /terms 200 in 550ms
 ○ Compiling /forgot-password ...
 ✓ Compiled /forgot-password in 515ms (1536 modules)
 HEAD /forgot-password 200 in 589ms
 GET /forgot-password 200 in 35ms
 GET / 200 in 73ms
 GET / 200 in 50ms
 GET / 200 in 52ms
 ✓ Compiled in 2.1s (1385 modules)
[?25h
