yarn run v1.22.22
$ next dev
  ▲ Next.js 14.2.28
  - Local:        http://localhost:3000
  - Environments: .env
  - Experiments (use with caution):
    · outputFileTracingRoot

 ✓ Starting...
 ✓ Ready in 1705ms
 ○ Compiling / ...
 ✓ Compiled / in 2.6s (1246 modules)
 HEAD / 200 in 3019ms
 ✓ Compiled in 611ms (631 modules)
 GET / 200 in 144ms
 HEAD / 200 in 73ms
 HEAD / 200 in 75ms
 ○ Compiling /invest ...
 ✓ Compiled /invest in 689ms (1396 modules)
 HEAD /invest 200 in 881ms
 HEAD /invest 200 in 882ms
 ✓ Compiled /rent in 304ms (1408 modules)
 HEAD /rent 200 in 414ms
 HEAD /rent 200 in 418ms
 ✓ Compiled /listings in 311ms (1422 modules)
 HEAD /listings 200 in 405ms
 HEAD /listings 200 in 408ms
 ○ Compiling /login ...
 ✓ Compiled /login in 1102ms (1474 modules)
 HEAD /login 200 in 1229ms
 HEAD /about 200 in 1232ms
 ○ Compiling /how-it-works ...
 ✓ Compiled /how-it-works in 703ms (1496 modules)
 HEAD /signup 200 in 808ms
 HEAD /how-it-works 200 in 813ms
 ○ Compiling /listings/[id] ...
 ✓ Compiled /listings/[id] in 763ms (1522 modules)
 HEAD /contact 200 in 889ms
 HEAD /listings/1 200 in 1165ms
 ○ Compiling /privacy ...
 ✓ Compiled /privacy in 622ms (1532 modules)
 HEAD /invest?property=1 200 in 443ms
 HEAD /privacy 200 in 745ms
 ○ Compiling /terms ...
 ✓ Compiled /terms in 629ms (1544 modules)
 HEAD /listings/2 200 in 736ms
 HEAD /terms 200 in 773ms
 HEAD /invest?property=2 200 in 80ms
 ○ Compiling /cookies ...
 ✓ Compiled /cookies in 677ms (1556 modules)
 HEAD /cookies 200 in 815ms
 HEAD /listings/3 200 in 781ms
 HEAD /invest?property=3 200 in 44ms
 GET /listings 200 in 503ms
 GET / 200 in 500ms
 GET /invest 200 in 504ms
 GET /invest?property=1 200 in 497ms
 GET /invest?property=2 200 in 496ms
 GET /rent 200 in 520ms
 GET /login 200 in 517ms
 GET /signup 200 in 518ms
 GET /listings/1 200 in 511ms
 GET /listings/2 200 in 505ms
 GET /listings/3 200 in 500ms
 GET /invest?property=3 200 in 507ms
 GET /about 200 in 503ms
 GET /how-it-works 200 in 505ms
 GET /contact 200 in 502ms
 GET /privacy 200 in 498ms
 GET /cookies 200 in 496ms
 GET /terms 200 in 495ms
 ○ Compiling /forgot-password ...
 ✓ Compiled /forgot-password in 1284ms (1564 modules)
 HEAD /forgot-password 200 in 1409ms
 GET /forgot-password 200 in 38ms
 GET / 200 in 81ms
 GET / 200 in 54ms
 GET / 200 in 51ms
 ✓ Compiled in 1251ms (1399 modules)
 ✓ Compiled in 805ms (1399 modules)
 ✓ Compiled in 946ms (1402 modules)
[?25h
