yarn run v1.22.22
$ next dev
  ▲ Next.js 14.2.28
  - Local:        http://localhost:3000
  - Environments: .env
  - Experiments (use with caution):
    · outputFileTracingRoot

 ✓ Starting...
 ✓ Ready in 1875ms
 ○ Compiling / ...
 ✓ Compiled / in 4.1s (1255 modules)
 HEAD / 200 in 4575ms
 GET / 200 in 2027ms
 ✓ Compiled in 680ms (631 modules)
 HEAD / 200 in 88ms
 HEAD / 200 in 91ms
 HEAD / 200 in 58ms
 ○ Compiling /invest ...
 ✓ Compiled /invest in 3.4s (1396 modules)
 HEAD /invest 200 in 3522ms
 HEAD /invest 200 in 3589ms
 ✓ Compiled /rent in 367ms (1408 modules)
 HEAD /rent 200 in 487ms
 HEAD /rent 200 in 493ms
 ✓ Compiled /listings in 340ms (1422 modules)
 HEAD /listings 200 in 457ms
 HEAD /listings 200 in 461ms
 ○ Compiling /login ...
 ✓ Compiled /login in 1307ms (1446 modules)
 HEAD /login 200 in 1419ms
 HEAD /about 200 in 1422ms
 ○ Compiling /how-it-works ...
 ✓ Compiled /how-it-works in 772ms (1468 modules)
 HEAD /how-it-works 200 in 877ms
 HEAD /signup 200 in 880ms
 ○ Compiling /listings/[id] ...
 ✓ Compiled /listings/[id] in 863ms (1494 modules)
 HEAD /contact 200 in 988ms
 HEAD /listings/1 200 in 1240ms
 ○ Compiling /privacy ...
 ✓ Compiled /privacy in 626ms (1504 modules)
 HEAD /privacy 200 in 727ms
 HEAD /invest?property=1 200 in 497ms
 ○ Compiling /terms ...
 ✓ Compiled /terms in 653ms (1516 modules)
 HEAD /listings/2 200 in 754ms
 HEAD /terms 200 in 796ms
 HEAD /invest?property=2 200 in 84ms
 ○ Compiling /cookies ...
 ✓ Compiled /cookies in 732ms (1528 modules)
 HEAD /listings/3 200 in 802ms
 HEAD /cookies 200 in 878ms
 HEAD /invest?property=3 200 in 52ms
 GET /rent 200 in 569ms
 GET / 200 in 567ms
 GET /login 200 in 570ms
 GET /listings 200 in 569ms
 GET /invest 200 in 572ms
 GET /invest?property=1 200 in 567ms
 GET /invest?property=2 200 in 564ms
 GET /invest?property=3 200 in 561ms
 GET /signup 200 in 570ms
 GET /listings/1 200 in 567ms
 GET /listings/3 200 in 560ms
 GET /listings/2 200 in 560ms
 GET /about 200 in 562ms
 GET /how-it-works 200 in 562ms
 GET /terms 200 in 562ms
 GET /privacy 200 in 563ms
 GET /contact 200 in 562ms
 GET /cookies 200 in 562ms
 ○ Compiling /forgot-password ...
 ✓ Compiled /forgot-password in 767ms (1536 modules)
 HEAD /listings/4 200 in 931ms
 HEAD /listings/4 200 in 932ms
 HEAD /listings/4 200 in 934ms
 HEAD /listings/4 200 in 935ms
 HEAD /listings/4 200 in 937ms
 HEAD /listings/4 200 in 951ms
 HEAD /forgot-password 200 in 993ms
 HEAD /invest?property=4 200 in 178ms
 HEAD /invest?property=4 200 in 179ms
 HEAD /invest?property=4 200 in 183ms
 HEAD /invest?property=4 200 in 184ms
 HEAD /invest?property=4 200 in 186ms
 HEAD /invest?property=4 200 in 191ms
 HEAD /listings/5 200 in 98ms
 HEAD /listings/5 200 in 99ms
 HEAD /listings/5 200 in 99ms
 HEAD /listings/5 200 in 102ms
 HEAD /listings/5 200 in 105ms
 HEAD /listings/5 200 in 106ms
 HEAD /invest?property=5 200 in 119ms
 HEAD /invest?property=5 200 in 121ms
 HEAD /invest?property=5 200 in 124ms
 HEAD /invest?property=5 200 in 126ms
 HEAD /invest?property=5 200 in 131ms
 HEAD /invest?property=5 200 in 133ms
 HEAD /listings/6 200 in 73ms
 HEAD /listings/6 200 in 72ms
 HEAD /listings/6 200 in 72ms
 HEAD /listings/6 200 in 73ms
 HEAD /listings/6 200 in 74ms
 HEAD /invest?property=6 200 in 104ms
 HEAD /invest?property=6 200 in 106ms
 HEAD /invest?property=6 200 in 105ms
 HEAD /invest?property=6 200 in 109ms
 HEAD /invest?property=6 200 in 114ms
 GET /forgot-password 200 in 169ms
 GET /invest?property=5 200 in 163ms
 GET /invest?property=4 200 in 167ms
 GET /invest?property=6 200 in 165ms
 GET /listings/4 200 in 168ms
 GET /listings/5 200 in 165ms
 GET /listings/6 200 in 163ms
 GET / 200 in 63ms
 GET / 200 in 77ms
 GET / 200 in 43ms
 GET / 200 in 50ms
 GET / 200 in 49ms
 GET / 200 in 54ms
 GET / 200 in 46ms
 ✓ Compiled in 1434ms (1475 modules)
 ✓ Compiled in 591ms (1475 modules)
 ✓ Compiled in 402ms (770 modules)
 ✓ Compiled in 864ms (1475 modules)
 ✓ Compiled in 600ms (1475 modules)
 ✓ Compiled in 864ms (1475 modules)
 ✓ Compiled in 553ms (1461 modules)
 ✓ Compiled in 983ms (1475 modules)
 ✓ Compiled in 666ms (1475 modules)
 ✓ Compiled in 362ms (770 modules)
 ✓ Compiled in 851ms (1475 modules)
 ✓ Compiled in 638ms (1475 modules)
[?25h
