yarn run v1.22.22
$ next dev
  ▲ Next.js 14.2.28
  - Local:        http://localhost:3000
  - Environments: .env
  - Experiments (use with caution):
    · outputFileTracingRoot

 ✓ Starting...
 ✓ Ready in 1888ms
 ○ Compiling / ...
 ✓ Compiled / in 3.1s (1246 modules)
 HEAD / 200 in 3329ms
 GET / 200 in 876ms
 ✓ Compiled in 632ms (631 modules)
 HEAD / 200 in 78ms
 HEAD / 200 in 80ms
 ○ Compiling /invest ...
 ✓ Compiled /invest in 1049ms (1396 modules)
 HEAD /invest 200 in 1243ms
 HEAD /invest 200 in 1247ms
 ✓ Compiled /rent in 355ms (1408 modules)
 HEAD /rent 200 in 462ms
 HEAD /rent 200 in 467ms
 ✓ Compiled /listings in 318ms (1422 modules)
 HEAD /listings 200 in 415ms
 HEAD /listings 200 in 422ms
 ○ Compiling /login ...
 ✓ Compiled /login in 650ms (1446 modules)
 HEAD /login 200 in 737ms
 HEAD /about 200 in 758ms
 ○ Compiling /how-it-works ...
 ✓ Compiled /how-it-works in 669ms (1468 modules)
 HEAD /how-it-works 200 in 770ms
 HEAD /signup 200 in 775ms
 ○ Compiling /listings/[id] ...
 ✓ Compiled /listings/[id] in 715ms (1494 modules)
 HEAD /contact 200 in 836ms
 ○ Compiling /_error ...
 ✓ Compiled /_error in 1817ms (1731 modules)
 HEAD /listings/1 500 in 2836ms
 HEAD /privacy 200 in 2098ms
 HEAD /invest?property=1 200 in 143ms
 ○ Compiling /terms ...
 ✓ Compiled /terms in 627ms (1743 modules)
 HEAD /terms 200 in 813ms
 HEAD /listings/2 200 in 999ms
 ○ Compiling /cookies ...
 ✓ Compiled /cookies in 691ms (1755 modules)
 HEAD /invest?property=2 200 in 542ms
 HEAD /cookies 200 in 812ms
 HEAD /listings/3 200 in 69ms
 HEAD /invest?property=3 200 in 37ms
 GET /rent 200 in 513ms
 GET / 200 in 511ms
 GET /login 200 in 518ms
 GET /listings 200 in 518ms
 GET /invest?property=1 200 in 515ms
 GET /signup 200 in 517ms
 GET /invest 200 in 513ms
 GET /invest?property=2 200 in 509ms
 GET /invest?property=3 200 in 509ms
 GET /listings/1 200 in 515ms
 GET /listings/2 200 in 510ms
 GET /listings/3 200 in 506ms
 GET /privacy 200 in 510ms
 GET /contact 200 in 512ms
 GET /about 200 in 509ms
 GET /terms 200 in 508ms
 GET /how-it-works 200 in 508ms
 GET /cookies 200 in 508ms
 ○ Compiling /forgot-password ...
 ✓ Compiled /forgot-password in 1723ms (1763 modules)
 HEAD /forgot-password 200 in 1816ms
 GET /forgot-password 200 in 39ms
 GET / 200 in 316ms
 GET / 200 in 54ms
 GET / 200 in 51ms
